<?xml version="1.0" encoding="UTF-8"?>
<!-- Generated by org.testng.reporters.JUnitReportReporter -->
<testsuite hostname="DESKTOP-O7L2KAB" failures="0" tests="2" name="test.LoginTest" time="23.875" errors="0" timestamp="2023-02-06T08:49:42 IST" skipped="0">
  <testcase classname="test.LoginTest" name="login" time="5.869"/>
  <system-out/>
  <testcase classname="test.LoginTest" name="login" time="18.006"/>
  <system-out/>
</testsuite> <!-- test.LoginTest -->
